{"level":"error","message":"Error: showError function","service":"user-service"}
{"level":"error","message":"ReferenceError: showError is not defined","service":"user-service"}
{"level":"error","message":"ReferenceError: showError is not defined","service":"user-service"}
{"level":"error","message":"ReferenceError: showError is not defined","service":"user-service"}
{"level":"error","message":"ReferenceError: showError is not defined","service":"user-service"}
{"level":"error","message":"ReferenceError: showError is not defined","service":"user-service"}
{"level":"error","message":"ReferenceError: showError is not defined","service":"user-service"}
{"level":"error","message":"ReferenceError: showError is not defined","service":"user-service"}
{"level":"error","message":"ReferenceError: showError is not defined","service":"user-service"}
{"level":"error","message":"ReferenceError: showError is not defined","service":"user-service"}
{"level":"error","message":"ReferenceError: showError is not defined","service":"user-service"}
{"level":"error","message":"ReferenceError: showError is not defined","service":"user-service"}
{"level":"error","message":"ReferenceError: showError is not defined","service":"user-service"}
{"level":"error","message":"ReferenceError: showError is not defined","service":"user-service"}
{"level":"error","message":"ReferenceError: showError is not defined","service":"user-service"}
{"level":"error","message":"ReferenceError: showError is not defined","service":"user-service"}
{"level":"error","message":"ReferenceError: showError is not defined","service":"user-service"}
{"level":"error","message":"ReferenceError: showError is not defined","service":"user-service"}
{"level":"error","message":"ReferenceError: showError is not defined","service":"user-service"}
{"level":"error","message":"ReferenceError: showError is not defined","service":"user-service"}
{"level":"error","message":"ReferenceError: showError is not defined","service":"user-service"}
{"level":"error","message":"ReferenceError: showError is not defined","service":"user-service"}
{"level":"error","message":"ReferenceError: showError is not defined","service":"user-service"}
{"level":"error","message":"ReferenceError: showError is not defined","service":"user-service"}
{"level":"error","message":"ReferenceError: showError is not defined","service":"user-service"}
{"level":"error","message":"ReferenceError: showError is not defined","service":"user-service"}
{"level":"error","message":"ReferenceError: showError is not defined","service":"user-service"}
{"level":"error","message":"ReferenceError: showError is not defined","service":"user-service"}
{"level":"error","message":"ReferenceError: showError is not defined","service":"user-service"}
{"level":"error","message":"ReferenceError: showError is not defined","service":"user-service"}
{"level":"error","message":"ReferenceError: showError is not defined","service":"user-service"}
{"level":"error","message":"ReferenceError: showError is not defined","service":"user-service"}
{"level":"error","message":"ReferenceError: showError is not defined","service":"user-service"}
{"level":"error","message":"ReferenceError: showError is not defined","service":"user-service"}
{"level":"error","message":"ReferenceError: showError is not defined","service":"user-service"}
{"level":"error","message":"ReferenceError: shoError is not defined","service":"user-service"}
{"level":"error","message":"ReferenceError: sError is not defined","service":"user-service"}
{"level":"error","message":"ReferenceError: fError is not defined","service":"user-service"}
{"level":"error","message":"ReferenceError: fuError is not defined","service":"user-service"}
{"level":"error","message":"ReferenceError: funcError is not defined","service":"user-service"}
{"level":"error","message":"ReferenceError: funciError is not defined","service":"user-service"}
{"level":"error","message":"ReferenceError: funcioError is not defined","service":"user-service"}
{"level":"error","message":"Error: Error personalizado","service":"user-service"}
